"../../../Engine/Content/Functions/Engine_MaterialFunctions02/Utility/BlendAngleCorrectedNormals.uasset" 0
"../../../Engine/Content/Functions/MaterialLayerFunctions/MatLayerBlend_NormalBlend.uasset" 1
"../../../Engine/Content/Functions/MaterialLayerFunctions/MatLayerBlend_Simple.uasset" 2
"../../../FPSProtoSandbox/Content/FirstPerson/Character/Materials/MaterialLayers/T_ML_Rubber_Blue_01_D.uasset" 3
"../../../FPSProtoSandbox/Content/FirstPerson/Character/Materials/MaterialLayers/T_ML_Rubber_Blue_01_N.uasset" 4
"../../../FPSProtoSandbox/Content/FirstPerson/Character/Materials/MaterialLayers/ML_GlossyBlack_Latex_UE4.uasset" 5
"../../../FPSProtoSandbox/Content/FirstPerson/Character/Materials/MaterialLayers/ML_Plastic_Shiny_Beige.uasset" 6
"../../../FPSProtoSandbox/Content/FirstPerson/Character/Textures/UE4_LOGO_CARD.uasset" 7
"../../../FPSProtoSandbox/Content/FirstPerson/Character/Materials/MaterialLayers/ML_Plastic_Shiny_Beige_LOGO.uasset" 8
"../../../FPSProtoSandbox/Content/FirstPerson/Character/Materials/MaterialLayers/T_ML_Aluminum01.uasset" 9
"../../../FPSProtoSandbox/Content/FirstPerson/Character/Materials/MaterialLayers/T_ML_Aluminum01_N.uasset" 10
"../../../FPSProtoSandbox/Content/FirstPerson/Character/Materials/MaterialLayers/ML_SoftMetal_UE4.uasset" 11
"../../../FPSProtoSandbox/Content/FirstPerson/Character/Textures/UE4_Mannequin__normals.uasset" 12
"../../../FPSProtoSandbox/Content/FirstPerson/Character/Textures/UE4_Mannequin_MAT_MASKA.uasset" 13
"../../../FPSProtoSandbox/Content/FirstPerson/Character/Materials/M_UE4Man_Body.uasset" 14
"../../../FPSProtoSandbox/Content/FirstPerson/Character/Mesh/SK_Mannequin_Arms_PhysicsAsset.uasset" 15
"../../../FPSProtoSandbox/Content/FirstPerson/Character/Mesh/SK_Mannequin_Arms.uasset" 16
"../../../FPSProtoSandbox/Content/FirstPerson/Character/Mesh/SK_Mannequin_Arms_Skeleton.uasset" 17
"../../../FPSProtoSandbox/Content/FirstPerson/Animations/FirstPerson_Fire.uasset" 18
"../../../FPSProtoSandbox/Content/FirstPerson/Animations/FirstPersonFire_Montage.uasset" 19
"../../../FPSProtoSandbox/Content/FirstPerson/Meshes/BaseMaterial.uasset" 20
"../../../FPSProtoSandbox/Content/FirstPerson/Meshes/FirstPersonProjectileMaterial.uasset" 21
"../../../FPSProtoSandbox/Content/FirstPerson/Meshes/FirstPersonProjectileMesh.uasset" 22
"../../../FPSProtoSandbox/Content/Textures/T_RadGrad.uasset" 23
"../../../FPSProtoSandbox/Content/Materials/Particles/M_ParticleMat.uasset" 24
"../../../FPSProtoSandbox/Content/Particles/P_RibbonSmoke.uasset" 25
"../../../FPSProtoSandbox/Content/FirstPersonCPP/Blueprints/FirstPersonProjectile.uasset" 26
"../../../FPSProtoSandbox/Content/FirstPerson/Audio/FirstPersonTemplateWeaponFire02.uasset" 27
"../../../FPSProtoSandbox/Content/FirstPersonCPP/Blueprints/FirstPersonCharacter.uasset" 28
"../../../Engine/Content/EditorBlueprintResources/StandardMacros.uasset" 29
"../../../Engine/Content/EngineSky/C_Sky_Cloud_Color.uasset" 30
"../../../Engine/Content/EngineSky/C_Sky_Horizon_Color.uasset" 31
"../../../Engine/Content/EngineSky/C_Sky_Zenith_Color.uasset" 32
"../../../Engine/Content/EngineSky/T_Sky_Blue.uasset" 33
"../../../Engine/Content/EngineSky/T_Sky_Clouds_M.uasset" 34
"../../../Engine/Content/EngineSky/T_Sky_Stars.uasset" 35
"../../../Engine/Content/EngineSky/SM_SkySphere.uasset" 36
"../../../Engine/Content/EngineSky/M_Sky_Panning_Clouds2.uasset" 37
"../../../Engine/Content/EngineSky/BP_Sky_Sphere.uasset" 38
"../../../Engine/Content/EngineFonts/RobotoDistanceField.uasset" 39
"../../../Engine/Content/Functions/Engine_MaterialFunctions03/Procedurals/ComputeFilterWidth.uasset" 40
"../../../Engine/Content/EngineMaterials/AntiAliasedTextMaterialTranslucent.uasset" 41
"../../../Engine/Content/Functions/Engine_MaterialFunctions01/Opacity/CameraDepthFade.uasset" 42
"../../../Engine/Content/EngineMaterials/T_Default_Material_Grid_M.uasset" 43
"../../../Engine/Content/EngineMaterials/T_Default_Material_Grid_N.uasset" 44
"../../../Engine/Content/EngineMaterials/WorldGridMaterial.uasset" 45
"../../../FPSProtoSandbox/Content/FirstPerson/Meshes/CubeMaterialOverride.uasset" 46
"../../../FPSProtoSandbox/Content/Geometry/Meshes/CubeMaterial.uasset" 47
"../../../FPSProtoSandbox/Content/Geometry/Meshes/1M_Cube.uasset" 48
"../../../FPSProtoSandbox/Content/FirstPersonCPP/Maps/FirstPersonExampleMap.umap" 49
"../../../FPSProtoSandbox/Content/StarterContent/Textures/T_MacroVariation.uasset" 50
"../../../FPSProtoSandbox/Content/StarterContent/Materials/M_Metal_Brushed_Nickel.uasset" 51
"../../../FPSProtoSandbox/Content/StarterContent/Textures/T_Metal_Aluminum_D.uasset" 52
"../../../FPSProtoSandbox/Content/StarterContent/Textures/T_Metal_Gold_N.uasset" 53
"../../../FPSProtoSandbox/Content/StarterContent/Materials/M_Metal_Burnished_Steel.uasset" 54
"../../../FPSProtoSandbox/Content/StarterContent/Textures/T_Metal_Copper_D.uasset" 55
"../../../FPSProtoSandbox/Content/StarterContent/Materials/M_Metal_Copper.uasset" 56
"../../../FPSProtoSandbox/Content/StarterContent/Textures/T_Chair_M.uasset" 57
"../../../FPSProtoSandbox/Content/StarterContent/Textures/T_Chair_N.uasset" 58
"../../../FPSProtoSandbox/Content/StarterContent/Props/Materials/M_Chair.uasset" 59
"../../../FPSProtoSandbox/Content/StarterContent/Textures/T_Statue_M.uasset" 60
"../../../FPSProtoSandbox/Content/StarterContent/Textures/T_Statue_N.uasset" 61
"../../../FPSProtoSandbox/Content/StarterContent/Props/Materials/M_StatueGlass.uasset" 62
"../../../FPSProtoSandbox/Content/StarterContent/Materials/M_Basic_Floor.uasset" 63
"../../../FPSProtoSandbox/Content/StarterContent/Architecture/Floor_400x400.uasset" 64
"../../../FPSProtoSandbox/Content/StarterContent/Audio/Starter_Birds01.uasset" 65
"../../../FPSProtoSandbox/Content/StarterContent/Audio/Starter_Wind05.uasset" 66
"../../../FPSProtoSandbox/Content/StarterContent/Audio/Starter_Wind06.uasset" 67
"../../../FPSProtoSandbox/Content/StarterContent/Audio/Starter_Background_Cue.uasset" 68
"../../../FPSProtoSandbox/Content/StarterContent/Props/SM_Chair.uasset" 69
"../../../FPSProtoSandbox/Content/StarterContent/Props/Materials/M_Statue.uasset" 70
"../../../FPSProtoSandbox/Content/StarterContent/Props/SM_Statue.uasset" 71
"../../../FPSProtoSandbox/Content/StarterContent/Textures/T_TableRound_M.uasset" 72
"../../../FPSProtoSandbox/Content/StarterContent/Textures/T_TableRound_N.uasset" 73
"../../../FPSProtoSandbox/Content/StarterContent/Props/Materials/M_TableRound.uasset" 74
"../../../FPSProtoSandbox/Content/StarterContent/Props/SM_TableRound.uasset" 75
"../../../FPSProtoSandbox/Content/StarterContent/Maps/Minimal_Default.umap" 76
"../../../FPSProtoSandbox/Content/StarterContent/Blueprints/Assets/FogBrightnessLUT.uasset" 77
"../../../FPSProtoSandbox/Content/StarterContent/Blueprints/Assets/SunlightColorLUT.uasset" 78
"../../../FPSProtoSandbox/Content/StarterContent/Blueprints/Assets/M_LightStage_Arrows.uasset" 79
"../../../Engine/Content/MapTemplates/Sky/DaylightAmbientCubemap.uasset" 80
"../../../FPSProtoSandbox/Content/StarterContent/Blueprints/Assets/M_LightStage_Skybox_Master.uasset" 81
"../../../FPSProtoSandbox/Content/StarterContent/Blueprints/Assets/M_LightStage_Skybox_Black.uasset" 82
"../../../FPSProtoSandbox/Content/StarterContent/Blueprints/Assets/M_LightStage_Skybox_HDRI.uasset" 83
"../../../Engine/Content/EditorMaterials/Thumbnails/SkySphereMaterial.uasset" 84
"../../../FPSProtoSandbox/Content/StarterContent/Blueprints/Assets/Skybox.uasset" 85
"../../../FPSProtoSandbox/Content/StarterContent/Blueprints/Assets/SM_Arrows.uasset" 86
"../../../FPSProtoSandbox/Content/StarterContent/HDRI/HDRI_Epic_Courtyard_Daylight.uasset" 87
"../../../FPSProtoSandbox/Content/StarterContent/Blueprints/BP_LightStudio.uasset" 88
"../../../FPSProtoSandbox/Content/StarterContent/Materials/M_AssetPlatform.uasset" 89
"../../../Engine/Content/EditorMeshes/ColorCalibrator/M_ChromeBall.uasset" 90
"../../../Engine/Content/EditorMeshes/ColorCalibrator/M_ClearCoat.uasset" 91
"../../../Engine/Content/EditorMeshes/ColorCalibrator/M_ClearCoatBlack.uasset" 92
"../../../Engine/Content/EditorMeshes/ColorCalibrator/T_ColorGrid.uasset" 93
"../../../Engine/Content/EditorMeshes/ColorCalibrator/M_ColorGrid.uasset" 94
"../../../Engine/Content/EditorMeshes/ColorCalibrator/M_GreyBall.uasset" 95
"../../../Engine/Content/EditorMeshes/ColorCalibrator/SM_ColorCalibrator.uasset" 96
"../../../FPSProtoSandbox/Content/StarterContent/Architecture/SM_AssetPlatform.uasset" 97
"../../../FPSProtoSandbox/Content/StarterContent/Maps/Advanced_Lighting.umap" 98
"../../../FPSProtoSandbox/Content/StarterContent/Audio/Fire01.uasset" 99
"../../../FPSProtoSandbox/Content/StarterContent/Audio/Fire01_Cue.uasset" 100
"../../../FPSProtoSandbox/Content/StarterContent/Textures/T_Fire_SubUV.uasset" 101
"../../../FPSProtoSandbox/Content/StarterContent/Textures/T_Fire_Tiled_D.uasset" 102
"../../../FPSProtoSandbox/Content/StarterContent/Particles/Materials/M_Fire_SubUV.uasset" 103
"../../../FPSProtoSandbox/Content/StarterContent/Textures/T_Water_N.uasset" 104
"../../../FPSProtoSandbox/Content/StarterContent/Particles/Materials/M_Heat_Distortion.uasset" 105
"../../../Engine/Content/Functions/Engine_MaterialFunctions01/Gradient/RadialGradient.uasset" 106
"../../../FPSProtoSandbox/Content/StarterContent/Particles/Materials/M_Radial_Gradient.uasset" 107
"../../../FPSProtoSandbox/Content/StarterContent/Textures/T_Smoke_SubUV.uasset" 108
"../../../FPSProtoSandbox/Content/StarterContent/Textures/T_Smoke_Tiled_D.uasset" 109
"../../../FPSProtoSandbox/Content/StarterContent/Particles/Materials/M_smoke_subUV.uasset" 110
"../../../FPSProtoSandbox/Content/StarterContent/Particles/P_Fire.uasset" 111
"../../../FPSProtoSandbox/Content/StarterContent/Blueprints/Blueprint_Effect_Fire.uasset" 112
"../../../FPSProtoSandbox/Content/StarterContent/Audio/Smoke01.uasset" 113
"../../../FPSProtoSandbox/Content/StarterContent/Audio/Smoke01_Cue.uasset" 114
"../../../FPSProtoSandbox/Content/StarterContent/Particles/P_Smoke.uasset" 115
"../../../FPSProtoSandbox/Content/StarterContent/Blueprints/Blueprint_Effect_Smoke.uasset" 116
"../../../FPSProtoSandbox/Content/StarterContent/Audio/Fire_Sparks01.uasset" 117
"../../../FPSProtoSandbox/Content/StarterContent/Audio/Fire_Sparks01_Cue.uasset" 118
"../../../FPSProtoSandbox/Content/StarterContent/Textures/T_Spark_Core.uasset" 119
"../../../FPSProtoSandbox/Content/StarterContent/Particles/Materials/M_Spark.uasset" 120
"../../../FPSProtoSandbox/Content/StarterContent/Particles/P_Sparks.uasset" 121
"../../../FPSProtoSandbox/Content/StarterContent/Blueprints/Blueprint_Effect_Sparks.uasset" 122
"../../../FPSProtoSandbox/Content/StarterContent/Audio/Steam01.uasset" 123
"../../../FPSProtoSandbox/Content/StarterContent/Audio/Steam01_Cue.uasset" 124
"../../../FPSProtoSandbox/Content/StarterContent/Particles/P_Steam_Lit.uasset" 125
"../../../FPSProtoSandbox/Content/StarterContent/Blueprints/Blueprint_Effect_Steam.uasset" 126
"../../../FPSProtoSandbox/Content/StarterContent/Textures/T_Lamp_M.uasset" 127
"../../../FPSProtoSandbox/Content/StarterContent/Textures/T_Lamp_N.uasset" 128
"../../../FPSProtoSandbox/Content/StarterContent/Props/Materials/M_Lamp.uasset" 129
"../../../FPSProtoSandbox/Content/StarterContent/Props/SM_Lamp_Ceiling.uasset" 130
"../../../FPSProtoSandbox/Content/StarterContent/Blueprints/Blueprint_CeilingLight.uasset" 131
"../../../FPSProtoSandbox/Content/StarterContent/Props/SM_Lamp_Wall.uasset" 132
"../../../FPSProtoSandbox/Content/StarterContent/Blueprints/Blueprint_WallSconce.uasset" 133
"../../../FPSProtoSandbox/Content/StarterContent/Textures/T_Brick_Clay_Beveled_D.uasset" 134
"../../../FPSProtoSandbox/Content/StarterContent/Textures/T_Brick_Clay_Beveled_M.uasset" 135
"../../../FPSProtoSandbox/Content/StarterContent/Textures/T_Brick_Clay_Beveled_N.uasset" 136
"../../../FPSProtoSandbox/Content/StarterContent/Materials/M_Brick_Clay_Beveled.uasset" 137
"../../../FPSProtoSandbox/Content/StarterContent/Textures/T_Brick_Clay_New_D.uasset" 138
"../../../FPSProtoSandbox/Content/StarterContent/Textures/T_Brick_Clay_New_M.uasset" 139
"../../../FPSProtoSandbox/Content/StarterContent/Textures/T_Brick_Clay_New_N.uasset" 140
"../../../FPSProtoSandbox/Content/StarterContent/Textures/T_Detail_Rocky_N.uasset" 141
"../../../FPSProtoSandbox/Content/StarterContent/Materials/M_Brick_Clay_New.uasset" 142
"../../../FPSProtoSandbox/Content/StarterContent/Textures/T_Brick_Clay_Old_D.uasset" 143
"../../../FPSProtoSandbox/Content/StarterContent/Textures/T_Brick_Clay_Old_N.uasset" 144
"../../../FPSProtoSandbox/Content/StarterContent/Textures/T_Perlin_Noise_M.uasset" 145
"../../../FPSProtoSandbox/Content/StarterContent/Materials/M_Brick_Clay_Old.uasset" 146
"../../../FPSProtoSandbox/Content/StarterContent/Textures/T_Brick_Cut_Stone_D.uasset" 147
"../../../FPSProtoSandbox/Content/StarterContent/Textures/T_Brick_Cut_Stone_N.uasset" 148
"../../../FPSProtoSandbox/Content/StarterContent/Materials/M_Brick_Cut_Stone.uasset" 149
"../../../FPSProtoSandbox/Content/StarterContent/Textures/T_Brick_Hewn_Stone_D.uasset" 150
"../../../FPSProtoSandbox/Content/StarterContent/Textures/T_Brick_Hewn_Stone_M.uasset" 151
"../../../FPSProtoSandbox/Content/StarterContent/Textures/T_Brick_Hewn_Stone_N.uasset" 152
"../../../FPSProtoSandbox/Content/StarterContent/Materials/M_Brick_Hewn_Stone.uasset" 153
"../../../FPSProtoSandbox/Content/StarterContent/Textures/T_Ceramic_Tile_M.uasset" 154
"../../../FPSProtoSandbox/Content/StarterContent/Textures/T_Ceramic_Tile_N.uasset" 155
"../../../FPSProtoSandbox/Content/StarterContent/Textures/T_Rock_Marble_Polished_D.uasset" 156
"../../../FPSProtoSandbox/Content/StarterContent/Materials/M_Ceramic_Tile_Checker.uasset" 157
"../../../FPSProtoSandbox/Content/StarterContent/Textures/T_CobbleStone_Pebble_D.uasset" 158
"../../../FPSProtoSandbox/Content/StarterContent/Textures/T_CobbleStone_Pebble_M.uasset" 159
"../../../FPSProtoSandbox/Content/StarterContent/Textures/T_CobbleStone_Pebble_N.uasset" 160
"../../../FPSProtoSandbox/Content/StarterContent/Materials/M_CobbleStone_Pebble.uasset" 161
"../../../FPSProtoSandbox/Content/StarterContent/Textures/T_CobbleStone_Rough_D.uasset" 162
"../../../FPSProtoSandbox/Content/StarterContent/Textures/T_CobbleStone_Rough_N.uasset" 163
"../../../FPSProtoSandbox/Content/StarterContent/Textures/T_Gradinet_01.uasset" 164
"../../../FPSProtoSandbox/Content/StarterContent/Textures/T_Rock_Smooth_Granite_D.uasset" 165
"../../../FPSProtoSandbox/Content/StarterContent/Materials/M_CobbleStone_Rough.uasset" 166
"../../../FPSProtoSandbox/Content/StarterContent/Textures/T_CobbleStone_Smooth_D.uasset" 167
"../../../FPSProtoSandbox/Content/StarterContent/Textures/T_CobbleStone_Smooth_M.uasset" 168
"../../../FPSProtoSandbox/Content/StarterContent/Textures/T_CobbleStone_Smooth_N.uasset" 169
"../../../FPSProtoSandbox/Content/StarterContent/Materials/M_CobbleStone_Smooth.uasset" 170
"../../../FPSProtoSandbox/Content/StarterContent/Textures/T_Concrete_Grime_D.uasset" 171
"../../../FPSProtoSandbox/Content/StarterContent/Textures/T_Metal_Rust_N.uasset" 172
"../../../FPSProtoSandbox/Content/StarterContent/Materials/M_Concrete_Grime.uasset" 173
"../../../FPSProtoSandbox/Content/StarterContent/Textures/T_Concrete_Panels_D.uasset" 174
"../../../FPSProtoSandbox/Content/StarterContent/Textures/T_Concrete_Panels_N.uasset" 175
"../../../FPSProtoSandbox/Content/StarterContent/Materials/M_Concrete_Panels.uasset" 176
"../../../FPSProtoSandbox/Content/StarterContent/Textures/T_Concrete_Poured_D.uasset" 177
"../../../FPSProtoSandbox/Content/StarterContent/Textures/T_Concrete_Poured_N.uasset" 178
"../../../FPSProtoSandbox/Content/StarterContent/Materials/M_Concrete_Poured.uasset" 179
"../../../FPSProtoSandbox/Content/StarterContent/Textures/T_Concrete_Tiles_D.uasset" 180
"../../../FPSProtoSandbox/Content/StarterContent/Textures/T_Concrete_Tiles_M.uasset" 181
"../../../FPSProtoSandbox/Content/StarterContent/Textures/T_Concrete_Tiles_N.uasset" 182
"../../../FPSProtoSandbox/Content/StarterContent/Textures/T_Concrete_Tiles_Variation_M.uasset" 183
"../../../FPSProtoSandbox/Content/StarterContent/Materials/M_Concrete_Tiles.uasset" 184
"../../../FPSProtoSandbox/Content/StarterContent/Textures/T_Ground_Grass_D.uasset" 185
"../../../FPSProtoSandbox/Content/StarterContent/Textures/T_Ground_Grass_N.uasset" 186
"../../../FPSProtoSandbox/Content/StarterContent/Materials/M_Ground_Grass.uasset" 187
"../../../FPSProtoSandbox/Content/StarterContent/Textures/T_Ground_Gravel_D.uasset" 188
"../../../FPSProtoSandbox/Content/StarterContent/Textures/T_Ground_Gravel_N.uasset" 189
"../../../FPSProtoSandbox/Content/StarterContent/Materials/M_Ground_Gravel.uasset" 190
"../../../FPSProtoSandbox/Content/StarterContent/Textures/T_ground_Moss_D.uasset" 191
"../../../FPSProtoSandbox/Content/StarterContent/Textures/T_Ground_Moss_N.uasset" 192
"../../../FPSProtoSandbox/Content/StarterContent/Materials/M_Ground_Moss.uasset" 193
"../../../FPSProtoSandbox/Content/StarterContent/Materials/M_Metal_Chrome.uasset" 194
"../../../FPSProtoSandbox/Content/StarterContent/Textures/T_Metal_Gold_D.uasset" 195
"../../../FPSProtoSandbox/Content/StarterContent/Materials/M_Metal_Gold.uasset" 196
"../../../FPSProtoSandbox/Content/StarterContent/Textures/T_Metal_Rust_D.uasset" 197
"../../../FPSProtoSandbox/Content/StarterContent/Materials/M_Metal_Rust.uasset" 198
"../../../FPSProtoSandbox/Content/StarterContent/Textures/T_Metal_Steel_D.uasset" 199
"../../../FPSProtoSandbox/Content/StarterContent/Textures/T_Metal_Steel_N.uasset" 200
"../../../FPSProtoSandbox/Content/StarterContent/Materials/M_Metal_Steel.uasset" 201
"../../../FPSProtoSandbox/Content/StarterContent/Textures/T_Rock_Basalt_D.uasset" 202
"../../../FPSProtoSandbox/Content/StarterContent/Textures/T_Rock_Basalt_N.uasset" 203
"../../../FPSProtoSandbox/Content/StarterContent/Materials/M_Rock_Basalt.uasset" 204
"../../../FPSProtoSandbox/Content/StarterContent/Materials/M_Rock_Marble_Polished.uasset" 205
"../../../FPSProtoSandbox/Content/StarterContent/Textures/T_Rock_Sandstone_D.uasset" 206
"../../../FPSProtoSandbox/Content/StarterContent/Textures/T_Rock_Sandstone_N.uasset" 207
"../../../FPSProtoSandbox/Content/StarterContent/Materials/M_Rock_Sandstone.uasset" 208
"../../../FPSProtoSandbox/Content/StarterContent/Textures/T_Rock_Slate_D.uasset" 209
"../../../FPSProtoSandbox/Content/StarterContent/Textures/T_Rock_Slate_N.uasset" 210
"../../../FPSProtoSandbox/Content/StarterContent/Materials/M_Rock_Slate.uasset" 211
"../../../FPSProtoSandbox/Content/StarterContent/Textures/T_Checker_Noise_M.uasset" 212
"../../../FPSProtoSandbox/Content/StarterContent/Textures/T_Single_Tile_N.uasset" 213
"../../../FPSProtoSandbox/Content/StarterContent/Textures/T_Tech_Dot_M.uasset" 214
"../../../FPSProtoSandbox/Content/StarterContent/Textures/T_Tech_Dot_N.uasset" 215
"../../../FPSProtoSandbox/Content/StarterContent/Materials/M_Tech_Checker_Dot.uasset" 216
"../../../FPSProtoSandbox/Content/StarterContent/Textures/T_Tech_Hex_Tile_M.uasset" 217
"../../../FPSProtoSandbox/Content/StarterContent/Textures/T_Tech_Hex_Tile_N.uasset" 218
"../../../FPSProtoSandbox/Content/StarterContent/Materials/M_Tech_Hex_Tile.uasset" 219
"../../../FPSProtoSandbox/Content/StarterContent/Materials/M_Tech_Hex_Tile_Pulse.uasset" 220
"../../../FPSProtoSandbox/Content/StarterContent/Textures/T_Tech_Panel_M.uasset" 221
"../../../FPSProtoSandbox/Content/StarterContent/Textures/T_Tech_Panel_N.uasset" 222
"../../../FPSProtoSandbox/Content/StarterContent/Materials/M_Tech_Panel.uasset" 223
"../../../FPSProtoSandbox/Content/StarterContent/Materials/M_Water_Lake.uasset" 224
"../../../FPSProtoSandbox/Content/StarterContent/Textures/T_Water_M.uasset" 225
"../../../FPSProtoSandbox/Content/StarterContent/Materials/M_Water_Ocean.uasset" 226
"../../../FPSProtoSandbox/Content/StarterContent/Textures/T_Wood_Floor_Walnut_D.uasset" 227
"../../../FPSProtoSandbox/Content/StarterContent/Textures/T_Wood_Floor_Walnut_M.uasset" 228
"../../../FPSProtoSandbox/Content/StarterContent/Textures/T_Wood_Floor_Walnut_N.uasset" 229
"../../../FPSProtoSandbox/Content/StarterContent/Materials/M_Wood_Floor_Walnut_Polished.uasset" 230
"../../../Engine/Content/Functions/Engine_MaterialFunctions01/Opacity/AlphaOffset.uasset" 231
"../../../FPSProtoSandbox/Content/StarterContent/Materials/M_Wood_Floor_Walnut_Worn.uasset" 232
"../../../FPSProtoSandbox/Content/StarterContent/Textures/T_Wood_Oak_D.uasset" 233
"../../../FPSProtoSandbox/Content/StarterContent/Textures/T_Wood_Oak_N.uasset" 234
"../../../FPSProtoSandbox/Content/StarterContent/Materials/M_Wood_Oak.uasset" 235
"../../../FPSProtoSandbox/Content/StarterContent/Textures/T_Wood_Pine_D.uasset" 236
"../../../FPSProtoSandbox/Content/StarterContent/Textures/T_Wood_Pine_N.uasset" 237
"../../../FPSProtoSandbox/Content/StarterContent/Materials/M_Wood_Pine.uasset" 238
"../../../FPSProtoSandbox/Content/StarterContent/Textures/T_Wood_Walnut_D.uasset" 239
"../../../FPSProtoSandbox/Content/StarterContent/Textures/T_Wood_Walnut_N.uasset" 240
"../../../FPSProtoSandbox/Content/StarterContent/Materials/M_Wood_Walnut.uasset" 241
"../../../FPSProtoSandbox/Content/StarterContent/Materials/M_Basic_Wall.uasset" 242
"../../../FPSProtoSandbox/Content/StarterContent/Architecture/Wall_400x200.uasset" 243
"../../../FPSProtoSandbox/Content/StarterContent/Architecture/Wall_Door_400x300.uasset" 244
"../../../FPSProtoSandbox/Content/StarterContent/Architecture/Wall_Window_400x300.uasset" 245
"../../../FPSProtoSandbox/Content/StarterContent/Audio/Collapse01.uasset" 246
"../../../FPSProtoSandbox/Content/StarterContent/Audio/Collapse02.uasset" 247
"../../../FPSProtoSandbox/Content/StarterContent/Audio/Collapse_Cue.uasset" 248
"../../../FPSProtoSandbox/Content/StarterContent/Audio/Starter_Music01.uasset" 249
"../../../FPSProtoSandbox/Content/StarterContent/Audio/Starter_Music_Cue.uasset" 250
"../../../FPSProtoSandbox/Content/StarterContent/Textures/T_Dust_Particle_D.uasset" 251
"../../../FPSProtoSandbox/Content/StarterContent/Particles/Materials/M_Dust_Particle.uasset" 252
"../../../FPSProtoSandbox/Content/StarterContent/Particles/P_Ambient_Dust.uasset" 253
"../../../FPSProtoSandbox/Content/StarterContent/Props/MaterialSphere.uasset" 254
"../../../FPSProtoSandbox/Content/StarterContent/Textures/T_Frame_M.uasset" 255
"../../../FPSProtoSandbox/Content/StarterContent/Textures/T_Frame_N.uasset" 256
"../../../FPSProtoSandbox/Content/StarterContent/Props/Materials/M_Frame.uasset" 257
"../../../FPSProtoSandbox/Content/StarterContent/Props/SM_CornerFrame.uasset" 258
"../../../FPSProtoSandbox/Content/StarterContent/Props/SM_DoorFrame.uasset" 259
"../../../FPSProtoSandbox/Content/StarterContent/Materials/M_Glass.uasset" 260
"../../../FPSProtoSandbox/Content/StarterContent/Props/SM_GlassWindow.uasset" 261
"../../../FPSProtoSandbox/Content/StarterContent/Props/SM_PillarFrame.uasset" 262
"../../../FPSProtoSandbox/Content/StarterContent/Props/SM_PillarFrame300.uasset" 263
"../../../FPSProtoSandbox/Content/StarterContent/Props/SM_WindowFrame.uasset" 264
"../../../FPSProtoSandbox/Content/StarterContent/Shapes/Shape_Cube.uasset" 265
"../../../FPSProtoSandbox/Content/StarterContent/Shapes/Shape_QuadPyramid.uasset" 266
"../../../FPSProtoSandbox/Content/StarterContent/Shapes/Shape_Sphere.uasset" 267
"../../../FPSProtoSandbox/Content/StarterContent/Maps/StarterMap.umap" 268
"../../../FPSProtoSandbox/Content/StarterContent/Particles/Materials/m_flare_01.uasset" 269
"../../../FPSProtoSandbox/Content/Particles/P_Bullet_Impact.uasset" 270
"../../../FPSProtoSandbox/Content/Blueprints/SFX/BulletHit.uasset" 271
"../../../FPSProtoSandbox/Content/Assets/Textures/Particles/Tracer01.uasset" 272
"../../../FPSProtoSandbox/Content/Materials/Particles/M_Projectile_Tracer.uasset" 273
"../../../FPSProtoSandbox/Content/Particles/P_Bullet_Tracer.uasset" 274
"../../../FPSProtoSandbox/Content/Blueprints/Projectiles/SandboxBallProjectile.uasset" 275
"../../../FPSProtoSandbox/Content/Assets/Audio/Glock_Mixed.uasset" 276
"../../../FPSProtoSandbox/Content/Meshes/Skeletal/dumbgun/Material.uasset" 277
"../../../FPSProtoSandbox/Content/Meshes/Skeletal/dumbgun/dumbgun_PhysicsAsset.uasset" 278
"../../../FPSProtoSandbox/Content/Meshes/Skeletal/dumbgun/dumbgun_Skeleton.uasset" 279
"../../../FPSProtoSandbox/Content/Meshes/Skeletal/dumbgun/dumbgun.uasset" 280
"../../../FPSProtoSandbox/Content/Blueprints/Weapons/FirstGun.uasset" 281
"../../../FPSProtoSandbox/Content/Physics/PM_DefaultGun.uasset" 282
"../../../FPSProtoSandbox/Content/Blueprints/Pickups/FirstPickup.uasset" 283
"../../../FPSProtoSandbox/Content/Materials/M_FlLight.uasset" 284
"../../../Engine/Content/BasicShapes/Cube.uasset" 285
"../../../FPSProtoSandbox/Content/Compound.umap" 286
"../../../Engine/Content/EngineMaterials/DefaultMaterial.uasset" 287
"../../../Engine/Content/EngineMaterials/DefaultDiffuse.uasset" 288
"../../../Engine/Content/EngineMaterials/DefaultNormal.uasset" 289
"../../../Engine/Content/Maps/Entry.umap" 290
"../../../Engine/Content/EngineFonts/Roboto.uasset" 291
"../../../Engine/Content/Functions/Engine_MaterialFunctions01/Shading/PowerToRoughness.uasset" 292
"../../../Engine/Content/Functions/Engine_MaterialFunctions01/Shading/ConvertFromDiffSpec.uasset" 293
"../../../Engine/Content/EngineMaterials/DefaultDeferredDecalMaterial.uasset" 294
"../../../Engine/Content/EngineMaterials/DefaultLightFunctionMaterial.uasset" 295
"../../../Engine/Content/Functions/Engine_MaterialFunctions02/Utility/BreakOutFloat2Components.uasset" 296
"../../../Engine/Content/EngineMaterials/DefaultPostProcessMaterial.uasset" 297
"../../../Engine/Content/EngineResources/DefaultTexture.uasset" 298
"../../../Engine/Content/Functions/Engine_MaterialFunctions02/Texturing/ScreenAlignedUVs.uasset" 299
"../../../Engine/Content/EngineResources/WhiteSquareTexture.uasset" 300
"../../../Engine/Content/EngineMaterials/Widget3DPassThrough.uasset" 301
"../../../Engine/Content/EngineMaterials/Widget3DPassThrough_Translucent.uasset" 302
"../../../Engine/Content/EngineMaterials/Widget3DPassThrough_Translucent_OneSided.uasset" 303
"../../../Engine/Content/EngineMaterials/Widget3DPassThrough_Opaque.uasset" 304
"../../../Engine/Content/EngineMaterials/Widget3DPassThrough_Opaque_OneSided.uasset" 305
"../../../Engine/Content/EngineMaterials/Widget3DPassThrough_Masked.uasset" 306
"../../../Engine/Content/EngineMaterials/Widget3DPassThrough_Masked_OneSided.uasset" 307
"../../../Engine/Content/EditorResources/S_Actor.uasset" 308
"../../../Engine/Content/Maps/Templates/Thumbnails/Default.uasset" 309
"../../../Engine/Content/EditorMaterials/ParticleSystems/PSysThumbnail_NoImage.uasset" 310
"../../../Engine/Content/EditorMaterials/ParticleSystems/PSysThumbnail_OOD.uasset" 311
"../../../Engine/Content/EditorLandscapeResources/DataLayer.uasset" 312
"../../../Engine/Content/EngineDamageTypes/DmgTypeBP_Environmental.uasset" 313
"../../../Engine/Content/EngineMeshes/Sphere.uasset" 314
"../../../Engine/Content/EngineMaterials/DefaultTextMaterialOpaque.uasset" 315
"../../../Engine/Content/EditorResources/S_Trigger.uasset" 316
"../../../Engine/Content/EngineResources/GradientTexture0.uasset" 317
"../../../Engine/Content/EngineResources/Black.uasset" 318
"../../../Engine/Content/EditorMaterials/MatineeGroups/MAT_Groups_Float.uasset" 319
"../../../Engine/Content/EditorMaterials/MatineeGroups/MAT_Groups_Director.uasset" 320
"../../../Engine/Content/EditorMaterials/MatineeGroups/MAT_Groups_Event.uasset" 321
"../../../Engine/Content/EditorMaterials/MatineeGroups/MAT_Groups_Anim.uasset" 322
"../../../Engine/Content/EditorMaterials/MatineeGroups/MAT_Groups_Fade.uasset" 323
"../../../Engine/Content/EditorMaterials/MatineeGroups/MAT_Groups_Move.uasset" 324
"../../../Engine/Content/EditorMaterials/MatineeGroups/MAT_Groups_Slomo.uasset" 325
"../../../Engine/Content/EditorMaterials/MatineeGroups/MAT_ColorTrack.uasset" 326
"../../../Engine/Content/EditorMaterials/MAT_Groups_Toggle.uasset" 327
"../../../Engine/Content/EditorMaterials/MatineeGroups/MAT_Groups_AudioMaster.uasset" 328
"../../../Engine/Content/EditorMaterials/MatineeGroups/MAT_Groups_Sound.uasset" 329
"../../../Engine/Content/EditorMaterials/MatineeGroups/MAT_Groups_Vector.uasset" 330
"../../../Engine/Content/EditorMaterials/MAT_Groups_Visibility.uasset" 331
"../../../Engine/Content/EngineResources/DefaultTextureCube.uasset" 332
"../../../Engine/Content/EngineMeshes/Cylinder.uasset" 333
"../../../Engine/Content/EngineTireTypes/DefaultTireType.uasset" 334
"../../../Engine/Content/EngineResources/AICON-Red.uasset" 335
"../../../Engine/Content/EngineResources/AICON-Green.uasset" 336
"../../../Engine/Content/Tutorial/Basics/LevelEditorAttract.uasset" 337
"../../../Engine/Content/Tutorial/Basics/TutorialAssets/icon_tab_Levels_40x.uasset" 338
"../../../Engine/Content/Tutorial/Basics/LevelEditorOverview.uasset" 339
"../../../Engine/Content/Tutorial/SubEditors/TutorialAssets/T_SmokeSubUV_8X8.uasset" 340
"../../../Engine/Content/Tutorial/SubEditors/TutorialAssets/T_soft_smoke.uasset" 341
"../../../Engine/Content/Tutorial/SubEditors/TutorialAssets/M_smoke_subUV_blackbody.uasset" 342
"../../../Engine/Content/Tutorial/SubEditors/TutorialAssets/TutorialParticleSystem.uasset" 343
"../../../Engine/Content/Tutorial/SubEditors/ParticleSystemEditorTutorial.uasset" 344
"../../../Engine/Content/Tutorial/BlueprintTutorials/TutorialAssets/Blueprint_64x.uasset" 345
"../../../Engine/Content/Tutorial/BlueprintTutorials/BlueprintEditorTutorial.uasset" 346
"../../../Engine/Content/Tutorial/ContentIntroCurve.uasset" 347
"../../../Engine/Plugins/2D/Paper2D/Content/PlaceholderTextures/DummySpriteTexture.uasset" 348
"../../../Engine/Plugins/2D/Paper2D/Content/DefaultSpriteMaterial.uasset" 349
"../../../Engine/Plugins/2D/Paper2D/Content/MaskedUnlitSpriteMaterial.uasset" 350
"../../../Engine/Plugins/2D/Paper2D/Content/OpaqueUnlitSpriteMaterial.uasset" 351
"../../../Engine/Plugins/2D/Paper2D/Content/DummySpriteTexture.uasset" 352
"../../../Engine/Plugins/2D/Paper2D/Content/DummySprite.uasset" 353
"../../../Engine/Plugins/2D/Paper2D/Content/DefaultPaperTerrainMaterial.uasset" 354
"../../../FPSProtoSandbox/Content/FirstPerson/Textures/FirstPersonCrosshair.uasset" 355
"../../../Engine/Plugins/Runtime/LeapMotionController/Content/LM_CapsuleMesh.uasset" 356
"../../../Engine/Plugins/Runtime/LeapMotionController/Content/LM_TorusMesh.uasset" 357
"../../../Engine/Plugins/Runtime/LeapMotionController/Content/LM_HandColor.uasset" 358
"../../../Engine/Plugins/Runtime/LeapMotionController/Content/LM_SampleDistortion.uasset" 359
"../../../Engine/Plugins/Runtime/LeapMotionController/Content/LM_TestTexture.uasset" 360
"../../../Engine/Plugins/Runtime/LeapMotionController/Content/LM_PassthroughMaterial.uasset" 361
"../../../Engine/Content/EngineMaterials/RemoveSurfaceMaterial.uasset" 362
"../../../Engine/Content/EngineDebugMaterials/DebugMeshMaterial.uasset" 363
"../../../Engine/Content/EngineMaterials/InvalidLightmapSettings.uasset" 364
"../../../Engine/Content/EngineMaterials/M_InvalidLightmapSettings.uasset" 365
"../../../Engine/Content/EditorMaterials/GizmoMaterial.uasset" 366
"../../../Engine/Content/EngineMaterials/Good64x64TilingNoiseHighFreq.uasset" 367
"../../../Engine/Content/EngineMaterials/DefaultBokeh.uasset" 368
"../../../Engine/Content/EngineMaterials/PreintegratedSkinBRDF.uasset" 369
"../../../Engine/Content/EngineMaterials/MiniFont.uasset" 370
"../../../Engine/Content/EngineMaterials/WeightMapPlaceholderTexture.uasset" 371
"../../../Engine/Content/EngineMaterials/DefaultWhiteGrid.uasset" 372
"../../../Engine/Content/EngineMaterials/DefaultPhysicalMaterial.uasset" 373
"../../../Engine/Content/EngineFonts/RobotoTiny.uasset" 374
"../../../FPSProtoSandbox/Content/StarterContent/Materials/M_ColorGrid_LowSpec.uasset" 375
"../../../FPSProtoSandbox/Content/Particles/P_ParticleTest.uasset" 376
"../../../FPSProtoSandbox/Content/StarterContent/Architecture/Pillar_50x500.uasset" 377
"../../../FPSProtoSandbox/Content/StarterContent/Architecture/Wall_400x300.uasset" 378
"../../../FPSProtoSandbox/Content/StarterContent/Architecture/Wall_400x400.uasset" 379
"../../../FPSProtoSandbox/Content/StarterContent/Architecture/Wall_500x500.uasset" 380
"../../../FPSProtoSandbox/Content/StarterContent/Architecture/Wall_Door_400x400.uasset" 381
"../../../FPSProtoSandbox/Content/StarterContent/Architecture/Wall_Window_400x400.uasset" 382
"../../../FPSProtoSandbox/Content/StarterContent/Audio/Light01.uasset" 383
"../../../FPSProtoSandbox/Content/StarterContent/Audio/Light01_Cue.uasset" 384
"../../../FPSProtoSandbox/Content/StarterContent/Audio/Light02.uasset" 385
"../../../FPSProtoSandbox/Content/StarterContent/Audio/Light02_Cue.uasset" 386
"../../../FPSProtoSandbox/Content/FirstPersonCPP/FirstPersonOverview.uasset" 387
"../../../FPSProtoSandbox/Content/StarterContent/Audio/Explosion01.uasset" 388
"../../../FPSProtoSandbox/Content/StarterContent/Audio/Explosion02.uasset" 389
"../../../FPSProtoSandbox/Content/StarterContent/Audio/Explosion_Cue.uasset" 390
"../../../FPSProtoSandbox/Content/StarterContent/Textures/T_Burst_M.uasset" 391
"../../../FPSProtoSandbox/Content/StarterContent/Particles/Materials/M_Burst.uasset" 392
"../../../FPSProtoSandbox/Content/StarterContent/Textures/T_Explosion_SubUV.uasset" 393
"../../../FPSProtoSandbox/Content/StarterContent/Particles/Materials/M_explosion_subUV.uasset" 394
"../../../FPSProtoSandbox/Content/StarterContent/Particles/Materials/M_radial_ramp.uasset" 395
"../../../FPSProtoSandbox/Content/StarterContent/Particles/P_Explosion.uasset" 396
"../../../FPSProtoSandbox/Content/StarterContent/Blueprints/Blueprint_Effect_Explosion.uasset" 397
"../../../Engine/Content/Functions/Engine_MaterialFunctions03/Particles/Distance_Blend.uasset" 398
"../../../FPSProtoSandbox/Content/Assets/Textures/Particles/SmokeTrail.uasset" 399
"../../../FPSProtoSandbox/Content/Materials/Particles/M_SmokeTrail.uasset" 400
"../../../FPSProtoSandbox/Content/Blueprints/Pickups/MyPickup.uasset" 401
"../../../Engine/Content/MobileResources/HUD/MobileHUDDirectionPad2.uasset" 402
"../../../Engine/Content/EditorResources/EmptyActor.uasset" 403
"../../../FPSProtoSandbox/Content/Geometry/Meshes/TemplateFloor.uasset" 404
"../../../FPSProtoSandbox/Content/Geometry/Meshes/1M_Cube_Chamfer.uasset" 405
"../../../FPSProtoSandbox/Content/FirstPerson/FPWeapon/Materials/MaterialLayers/ML_Plastic_Shiny_Beige_LOGO.uasset" 406
"../../../FPSProtoSandbox/Content/StarterContent/Shapes/Shape_NarrowCapsule.uasset" 407
"../../../FPSProtoSandbox/Content/Blueprints/Projectiles/SandboxBullet.uasset" 408
"../../../FPSProtoSandbox/Content/FirstPerson/Animations/FirstPerson_Idle.uasset" 409
"../../../FPSProtoSandbox/Content/FirstPerson/Animations/FirstPerson_JumpEnd.uasset" 410
"../../../FPSProtoSandbox/Content/FirstPerson/Animations/FirstPerson_JumpLoop.uasset" 411
"../../../FPSProtoSandbox/Content/FirstPerson/Animations/FirstPerson_JumpStart.uasset" 412
"../../../FPSProtoSandbox/Content/FirstPerson/Animations/FirstPerson_Run.uasset" 413
"../../../FPSProtoSandbox/Content/FirstPerson/Animations/FirstPerson_AnimBP.uasset" 414
"../../../Engine/Content/MobileResources/HUD/MobileHUDDirectionStick.uasset" 415
"../../../FPSProtoSandbox/Content/StarterContent/Shapes/Shape_WideCapsule.uasset" 416
"../../../FPSProtoSandbox/Content/StarterContent/Shapes/Shape_Wedge_B.uasset" 417
"../../../FPSProtoSandbox/Content/StarterContent/Shapes/Shape_Wedge_A.uasset" 418
"../../../FPSProtoSandbox/Content/StarterContent/Shapes/Shape_Tube.uasset" 419
"../../../FPSProtoSandbox/Content/StarterContent/Shapes/Shape_TriPyramid.uasset" 420
"../../../FPSProtoSandbox/Content/StarterContent/Shapes/Shape_Trim_90_Out.uasset" 421
"../../../FPSProtoSandbox/Content/StarterContent/Shapes/Shape_Trim_90_In.uasset" 422
"../../../FPSProtoSandbox/Content/StarterContent/Shapes/Shape_Trim.uasset" 423
"../../../FPSProtoSandbox/Content/StarterContent/Shapes/Shape_Torus.uasset" 424
"../../../FPSProtoSandbox/Content/StarterContent/Shapes/Shape_Plane.uasset" 425
"../../../FPSProtoSandbox/Content/StarterContent/Shapes/Shape_Pipe_90.uasset" 426
"../../../FPSProtoSandbox/Content/StarterContent/Shapes/Shape_Pipe_180.uasset" 427
"../../../FPSProtoSandbox/Content/StarterContent/Shapes/Shape_Pipe.uasset" 428
"../../../FPSProtoSandbox/Content/StarterContent/Shapes/Shape_Cylinder.uasset" 429
"../../../FPSProtoSandbox/Content/StarterContent/Shapes/Shape_Cone.uasset" 430
"../../../Engine/Content/MobileResources/HUD/VirtualJoystick_Background.uasset" 431
"../../../Engine/Content/MobileResources/HUD/VirtualJoystick_Thumb.uasset" 432
"../../../Engine/Content/MobileResources/HUD/DefaultVirtualJoysticks.uasset" 433
"../../../Engine/Content/MobileResources/HUD/AnalogHat.uasset" 434
"../../../FPSProtoSandbox/Content/test.uasset" 435
"../../../Engine/Content/MobileResources/HUD/MobileHUDButton1_on.uasset" 436
"../../../Engine/Content/MobileResources/HUD/LeftVirtualJoystickOnly.uasset" 437
"../../../Engine/Content/MobileResources/T_MobileMenu2.uasset" 438
"../../../FPSProtoSandbox/Content/StarterContent/Props/SM_Stairs.uasset" 439
"../../../FPSProtoSandbox/Content/StarterContent/Textures/T_Shelf_M.uasset" 440
"../../../FPSProtoSandbox/Content/StarterContent/Textures/T_Shelf_N.uasset" 441
"../../../FPSProtoSandbox/Content/StarterContent/Props/Materials/M_Shelf.uasset" 442
"../../../FPSProtoSandbox/Content/StarterContent/Props/SM_Shelf.uasset" 443
"../../../FPSProtoSandbox/Content/StarterContent/Textures/T_RockMesh_M.uasset" 444
"../../../FPSProtoSandbox/Content/StarterContent/Textures/T_RockMesh_N.uasset" 445
"../../../FPSProtoSandbox/Content/StarterContent/Props/Materials/M_Rock.uasset" 446
"../../../FPSProtoSandbox/Content/StarterContent/Props/SM_Rock.uasset" 447
"../../../FPSProtoSandbox/Content/StarterContent/Props/Materials/M_MaterialSphere.uasset" 448
"../../../FPSProtoSandbox/Content/StarterContent/Props/Materials/M_MaterialSphere_Plain.uasset" 449
"../../../FPSProtoSandbox/Content/StarterContent/Props/SM_MatPreviewMesh_02.uasset" 450
"../../../FPSProtoSandbox/Content/StarterContent/Textures/T_Door_M.uasset" 451
"../../../FPSProtoSandbox/Content/StarterContent/Textures/T_Door_N.uasset" 452
"../../../FPSProtoSandbox/Content/StarterContent/Props/Materials/M_Door.uasset" 453
"../../../FPSProtoSandbox/Content/StarterContent/Props/SM_Door.uasset" 454
"../../../FPSProtoSandbox/Content/StarterContent/Props/SM_Couch.uasset" 455
"../../../FPSProtoSandbox/Content/StarterContent/Textures/T_Bush_D.uasset" 456
"../../../FPSProtoSandbox/Content/StarterContent/Textures/T_Bush_N.uasset" 457
"../../../FPSProtoSandbox/Content/StarterContent/Props/Materials/M_Bush.uasset" 458
"../../../FPSProtoSandbox/Content/StarterContent/Props/SM_Bush.uasset" 459
"../../../FPSProtoSandbox/Content/StarterContent/Materials/NewMaterial.uasset" 460
"../../../Engine/Content/MobileResources/HUD/T_Castle_ThumbstickOutter.uasset" 461
"../../../Engine/Content/MobileResources/HUD/MobileHUDDirectionPad.uasset" 462
"../../../FPSProtoSandbox/Content/FirstPerson/FPWeapon/Mesh/SK_FPGun_PhysicsAsset.uasset" 463
"../../../Engine/Content/MobileResources/HUD/MobileHUDDirectionPad3.uasset" 464
"../../../Engine/Content/MobileResources/HUD/MobileHUDButton1_off.uasset" 465
"../../../Engine/Content/EditorResources/AudioIcons/S_AudioComponent_AutoActivate.uasset" 466
"../../../Engine/Content/EditorResources/AudioIcons/S_AudioComponent.uasset" 467
"../../../Engine/Content/MobileResources/HUD/T_Castle_ThumbstickInner.uasset" 468
"../../../Engine/Content/MobileResources/HUD/MobileHUDButtonFire.uasset" 469
"../../../FPSProtoSandbox/Content/FirstPerson/FPWeapon/Materials/MaterialLayers/T_ML_FineRubber.uasset" 470
"../../../Engine/Content/MobileResources/HUD/MobileHUDButton2_off.uasset" 471
"../../../Engine/Content/MobileResources/HUD/MobileHUDButton3.uasset" 472
"../../../Engine/Content/EditorResources/LightIcons/S_LightError.uasset" 473
"../../../Engine/Content/MobileResources/HUD/MobileHUDButton2_on.uasset" 474
"../../../Engine/Content/MobileResources/T_MobileControls_texture.uasset" 475
"../../../Engine/Content/EditorMaterials/PhAT_JointLimitMaterial.uasset" 476
"../../../Engine/Content/EditorMaterials/PreviewShadowIndicator.uasset" 477
"../../../Engine/Content/EditorMaterials/PreviewShadowIndicatorMaterial.uasset" 478
"../../../Engine/Content/EditorResources/BSPVertex.uasset" 479
"../../../Engine/Content/EngineDebugMaterials/HeatmapGradient.uasset" 480
"../../../Engine/Content/EngineDebugMaterials/BoneWeightMaterial.uasset" 481
"../../../Engine/Content/EngineDebugMaterials/GeomMaterial.uasset" 482
"../../../Engine/Content/EngineMaterials/EditorBrushMaterial.uasset" 483
"../../../Engine/Content/Tutorial/BlueprintTutorials/TutorialAssets/BlueprintInterface_64x.uasset" 484
"../../../Engine/Content/Tutorial/BlueprintTutorials/TutorialAssets/Tutorial_BP_Interface.uasset" 485
"../../../Engine/Content/Tutorial/BlueprintTutorials/BlueprintInterfacesEditorOverview.uasset" 486
"../../../Engine/Content/Tutorial/BlueprintTutorials/TutorialAssets/BlueprintMacroLibrary_64x.uasset" 487
"../../../Engine/Content/Tutorial/BlueprintTutorials/TutorialAssets/Tutorial_BP_MacroLib.uasset" 488
"../../../Engine/Content/Tutorial/BlueprintTutorials/BlueprintMacroLibrariesEditorOverview.uasset" 489
"../../../Engine/Content/Tutorial/BlueprintTutorials/LevelBlueprintEditorOverview.uasset" 490
"../../../Engine/Content/Tutorial/Foliage/TutorialAssets/Foliage.uasset" 491
"../../../Engine/Content/Tutorial/Foliage/Foliage_Settings_Tutorial.uasset" 492
"../../../Engine/Content/Tutorial/Foliage/Foliage_Using_The_Tool_Tutorial.uasset" 493
"../../../Engine/Content/Tutorial/Foliage/Foliage_Intro_Tutorial.uasset" 494
"../../../Engine/Content/Tutorial/Landscape/TutorialAssets/Landscape.uasset" 495
"../../../Engine/Content/Tutorial/Landscape/Landscape_Painting_Mode.uasset" 496
"../../../Engine/Content/Tutorial/Landscape/Landscape_Sculpt_Mode.uasset" 497
"../../../Engine/Content/Tutorial/Landscape/Landscape_Manage_Mode.uasset" 498
"../../../Engine/Content/Tutorial/Paper2D/TutorialAssets/Paper2DFlipbook_TutorialIcon.uasset" 499
"../../../Engine/Content/Tutorial/Paper2D/FlipbookEditorTutorial.uasset" 500
"../../../Engine/Content/Tutorial/Paper2D/TutorialAssets/Paper2DSprite_TutorialIcon.uasset" 501
"../../../Engine/Content/Tutorial/Paper2D/SpriteEditorTutorial.uasset" 502
"../../../Engine/Content/EditorMeshes/EditorCube.uasset" 503
"../../../Engine/Content/Tutorial/SubEditors/TutorialAssets/Tutorial_DM.uasset" 504
"../../../Engine/Content/Tutorial/SubEditors/DestructibleMeshEditorTutorial.uasset" 505
"../../../Engine/Content/Tutorial/SubEditors/TutorialAssets/TutorialMaterial.uasset" 506
"../../../Engine/Content/Tutorial/SubEditors/MaterialEditorTutorial.uasset" 507
"../../../Engine/Content/Tutorial/SubEditors/TutorialAssets/icon_ShowSkeletalMeshes_40x.uasset" 508
"../../../Engine/Content/Tutorial/SubEditors/TutorialAssets/Character/TutorialTPP_Mat.uasset" 509
"../../../Engine/Content/Tutorial/SubEditors/TutorialAssets/Character/TutorialTPP_PhysicsAsset.uasset" 510
"../../../Engine/Content/Tutorial/SubEditors/TutorialAssets/Character/TutorialTPP.uasset" 511
"../../../Engine/Content/Tutorial/SubEditors/TutorialAssets/Character/TutorialTPP_Skeleton.uasset" 512
"../../../Engine/Content/Tutorial/SubEditors/TutorialAssets/Character/Tutorial_Idle.uasset" 513
"../../../Engine/Content/Tutorial/SubEditors/TutorialAssets/Character/Tutorial_Walk_Fwd.uasset" 514
"../../../Engine/Content/Tutorial/SubEditors/TutorialAssets/Character/NewBlendSpace1D.uasset" 515
"../../../Engine/Content/Tutorial/SubEditors/TutorialAssets/Character/TutorialCharacter.uasset" 516
"../../../Engine/Content/Tutorial/SubEditors/TutorialAssets/Character/TutorialTPP_AnimBlueprint.uasset" 517
"../../../Engine/Content/Tutorial/SubEditors/PersonaAnimBlueprintEditorWalkthrough.uasset" 518
"../../../Engine/Content/Tutorial/SubEditors/PersonaAnimEditorWalkthrough.uasset" 519
"../../../Engine/Content/EngineMeshes/Cube.uasset" 520
"../../../Engine/Content/Tutorial/SubEditors/StaticMeshEditorTutorial.uasset" 521
"../../../Engine/Content/Tutorial/SubEditors/TutorialAssets/icon_Editor_Preferences_General_40x.uasset" 522
